<?xml version="1.0" encoding="UTF-8"?>
<testsuite xmlns:xsi="http://www.w3.org/2001/XMLSchema-instance" xsi:noNamespaceSchemaLocation="https://maven.apache.org/surefire/maven-surefire-plugin/xsd/surefire-test-report-3.0.xsd" version="3.0" name="stepdefs.TestRunner" time="67.047" tests="4" errors="0" skipped="0" failures="0">
  <properties>
[...]
</properties>
  <testcase name="Validate the Login faiiure scenario" classname="This feature will be used to test the login functionality of Simplilearn application" time="16.171">
    <system-out><![CDATA[
@Browser @Sanity
Scenario: Validate the Login faiiure scenario # src/test/java/features/Login.feature:16
  Given I have launched the application       # stepdefs.LoginStepDef.i_have_launched_the_application()
  And I have clicked on Login Link            # stepdefs.LoginStepDef.i_have_clicked_on_Login_Link()
  When I enter username                       # stepdefs.LoginStepDef.i_enter_username()
  And I enter password                        # stepdefs.LoginStepDef.i_enter_password()
  And I click on Login button                 # stepdefs.LoginStepDef.i_click_on_Login_button()
  Then I should get the error message         # stepdefs.LoginStepDef.i_should_get_the_error_message()
]]></system-out>
    <system-err><![CDATA[May 20, 2023 12:39:08 PM io.cucumber.junit.Cucumber <init>
WARNING: By default Cucumber is running in --non-strict mode.
This default will change to --strict and --non-strict will be removed.
You can use --strict or @CucumberOptions(strict = true) to suppress this warning
SLF4J: Failed to load class "org.slf4j.impl.StaticLoggerBinder".
SLF4J: Defaulting to no-operation (NOP) logger implementation
SLF4J: See http://www.slf4j.org/codes.html#StaticLoggerBinder for further details.
Starting ChromeDriver 113.0.5672.63 (0e1a4471d5ae5bf128b1bd8f4d627c8cbd55f70c-refs/branch-heads/5672@{#912}) on port 17056
Only local connections are allowed.
Please see https://chromedriver.chromium.org/security-considerations for suggestions on keeping ChromeDriver safe.
ChromeDriver was started successfully.
May 20, 2023 12:39:12 PM org.openqa.selenium.remote.ProtocolHandshake createSession
INFO: Detected dialect: W3C
]]></system-err>
  </testcase>
  <testcase name="Validate the Login faiiure scenario" classname="This feature will be used to test the login functionality of Simplilearn application" time="14.662">
    <system-out><![CDATA[
@Browser @Sanity
Scenario: Validate the Login faiiure scenario                                                 # src/test/java/features/Login.feature:23
  Given I have launched the application                                                       # stepdefs.LoginStepDef.i_have_launched_the_application()
  And I have clicked on Login Link                                                            # stepdefs.LoginStepDef.i_have_clicked_on_Login_Link()
  When I enter username as "Test@gmail.com"                                                   # stepdefs.LoginStepDef.i_enter_username_as(java.lang.String)
  And I enter password as "Test@123"                                                          # stepdefs.LoginStepDef.i_enter_password_as(java.lang.String)
  And I click on Login button                                                                 # stepdefs.LoginStepDef.i_click_on_Login_button()
  Then I should get the error message as "The email or password you have entered is invalid." # stepdefs.LoginStepDef.i_should_get_the_error_message_as(java.lang.String)
]]></system-out>
    <system-err><![CDATA[Starting ChromeDriver 113.0.5672.63 (0e1a4471d5ae5bf128b1bd8f4d627c8cbd55f70c-refs/branch-heads/5672@{#912}) on port 14377
Only local connections are allowed.
Please see https://chromedriver.chromium.org/security-considerations for suggestions on keeping ChromeDriver safe.
ChromeDriver was started successfully.
May 20, 2023 12:39:27 PM org.openqa.selenium.remote.ProtocolHandshake createSession
INFO: Detected dialect: W3C
]]></system-err>
  </testcase>
  <testcase name="Validate the Login faiiure scenario" classname="This feature will be used to test the login functionality of Simplilearn application" time="22.046">
    <system-out><![CDATA[
@Browser @Sanity @Regression
Scenario Outline: Validate the Login faiiure scenario                                         # src/test/java/features/Login.feature:37
  Given I have launched the application                                                       # stepdefs.LoginStepDef.i_have_launched_the_application()
  And I have clicked on Login Link                                                            # stepdefs.LoginStepDef.i_have_clicked_on_Login_Link()
  When I enter username as "Test@gmail.com"                                                   # stepdefs.LoginStepDef.i_enter_username_as(java.lang.String)
  And I enter password as "Test@123"                                                          # stepdefs.LoginStepDef.i_enter_password_as(java.lang.String)
  And I click on Login button                                                                 # stepdefs.LoginStepDef.i_click_on_Login_button()
  Then I should get the error message as "The email or password you have entered is invalid." # stepdefs.LoginStepDef.i_should_get_the_error_message_as(java.lang.String)
]]></system-out>
    <system-err><![CDATA[Starting ChromeDriver 113.0.5672.63 (0e1a4471d5ae5bf128b1bd8f4d627c8cbd55f70c-refs/branch-heads/5672@{#912}) on port 31029
Only local connections are allowed.
Please see https://chromedriver.chromium.org/security-considerations for suggestions on keeping ChromeDriver safe.
ChromeDriver was started successfully.
May 20, 2023 12:39:41 PM org.openqa.selenium.remote.ProtocolHandshake createSession
INFO: Detected dialect: W3C
]]></system-err>
  </testcase>
  <testcase name="Validate the Login faiiure scenario" classname="This feature will be used to test the login functionality of Simplilearn application" time="13.578">
    <system-out><![CDATA[
@Browser @Sanity @Regression
Scenario Outline: Validate the Login faiiure scenario                                         # src/test/java/features/Login.feature:38
  Given I have launched the application                                                       # stepdefs.LoginStepDef.i_have_launched_the_application()
  And I have clicked on Login Link                                                            # stepdefs.LoginStepDef.i_have_clicked_on_Login_Link()
  When I enter username as "Test123@gmail.com"                                                # stepdefs.LoginStepDef.i_enter_username_as(java.lang.String)
  And I enter password as "Test@234"                                                          # stepdefs.LoginStepDef.i_enter_password_as(java.lang.String)
  And I click on Login button                                                                 # stepdefs.LoginStepDef.i_click_on_Login_button()
  Then I should get the error message as "The email or password you have entered is invalid." # stepdefs.LoginStepDef.i_should_get_the_error_message_as(java.lang.String)
]]></system-out>
    <system-err><![CDATA[Starting ChromeDriver 113.0.5672.63 (0e1a4471d5ae5bf128b1bd8f4d627c8cbd55f70c-refs/branch-heads/5672@{#912}) on port 27622
Only local connections are allowed.
Please see https://chromedriver.chromium.org/security-considerations for suggestions on keeping ChromeDriver safe.
ChromeDriver was started successfully.
May 20, 2023 12:40:03 PM org.openqa.selenium.remote.ProtocolHandshake createSession
INFO: Detected dialect: W3C
]]></system-err>
  </testcase>
</testsuite>