<?xml version="1.0" encoding="UTF-8" ?>
<testsuite tests="4" failures="0" name="stepdefs.TestRunner" time="78.762" errors="0" skipped="0">
  <properties>
[...]
</properties>
  <testcase classname="This feature will be used to test the login functionality of Simplilearn application" name="Validate the Login faiiure scenario" time="26.867"/>
  <testcase classname="This feature will be used to test the login functionality of Simplilearn application" name="Validate the Login faiiure scenario" time="18.719"/>
  <testcase classname="This feature will be used to test the login functionality of Simplilearn application" name="Validate the Login faiiure scenario" time="14.52"/>
  <testcase classname="This feature will be used to test the login functionality of Simplilearn application" name="Validate the Login faiiure scenario" time="18.656"/>
</testsuite>